[1/9] Building C object esp-idf/main/CMakeFiles/__idf_main.dir/main.c.obj
[2/9] Linking C static library esp-idf\main\libmain.a
[3/9] Performing build step for 'bootloader'
[1/1] C:\WINDOWS\SYSTEM32\cmd.exe /C "cd /D C:\Users\hario\OneDrive\Desktop\EPDTEST2\build\bootloader\esp-idf\esptool_py && c:\esp\tools\python_env\idf5.1_py3.11_env\Scripts\python.exe C:/esp/esp-idf/v5.1.5/esp-idf/components/partition_table/check_sizes.py --offset 0x8000 bootloader 0x1000 C:/Users/hario/OneDrive/Desktop/EPDTEST2/build/bootloader/bootloader.bin"
Bootloader binary size 0x6860 bytes. 0x7a0 bytes (7%) free.
[4/9] No install step for 'bootloader'
[5/9] Completed 'bootloader'
[6/9] Generating ld/sections.ld
[7/9] Linking CXX executable EPDTEST2.elf
FAILED: EPDTEST2.elf 
cmd.exe /C "cd . && C:\esp\tools\tools\xtensa-esp32-elf\esp-12.2.0_20230208\xtensa-esp32-elf\bin\xtensa-esp32-elf-g++.exe -mlongcalls -Wno-frame-address -Wl,--cref -Wl,--defsym=IDF_TARGET_ESP32=0 -Wl,--Map=C:/Users/hario/OneDrive/Desktop/EPDTEST2/build/EPDTEST2.map -Wl,--no-warn-rwx-segments -fno-rtti -fno-lto -Wl,--gc-sections -Wl,--warn-common -T esp32.peripherals.ld -T esp32.rom.ld -T esp32.rom.api.ld -T esp32.rom.libgcc.ld -T esp32.rom.newlib-data.ld -T esp32.rom.syscalls.ld -T esp32.rom.newlib-funcs.ld -T memory.ld -T sections.ld @CMakeFiles\EPDTEST2.elf.rsp -o EPDTEST2.elf && cd ."
c:/esp/tools/tools/xtensa-esp32-elf/esp-12.2.0_20230208/xtensa-esp32-elf/bin/../lib/gcc/xtensa-esp32-elf/12.2.0/../../../../xtensa-esp32-elf/bin/ld.exe: esp-idf/main/libmain.a(epd.c.obj): in function `sleep':
C:/Users/hario/OneDrive/Desktop/EPDTEST2/main/epd.c:196: multiple definition of `sleep'; esp-idf/newlib/libnewlib.a(time.c.obj):C:/esp/esp-idf/v5.1.5/esp-idf/components/newlib/time.c:209: first defined here
collect2.exe: error: ld returned 1 exit status
ninja: build stopped: subcommand failed.
